[2026-03-18 06:40] === PM Dispatcher 运行 ===
[2026-03-18 06:40] === PM Dispatcher 运行 ===
[2026-03-18 06:40] 🔄 下一步: 执行 /tech-architecture
[2026-03-18 06:40] 🔄 下一步: 执行 /tech-architecture
[2026-03-18 06:40] ⚠️  未识别的 Phase: 执行 /tech-architecture
[2026-03-18 06:40] ⚠️  未识别的 Phase: 执行 /tech-architecture
[2026-03-18 06:40] === Dispatch 结束 ===
[2026-03-18 06:40] === Dispatch 结束 ===
[2026-03-18 06:50] === PM Dispatcher 运行 ===
[2026-03-18 06:50] === PM Dispatcher 运行 ===
[2026-03-18 06:50] 🔄 下一步: 执行 /tech-architecture
[2026-03-18 06:50] 🔄 下一步: 执行 /tech-architecture
[2026-03-18 06:50] ⚠️  未识别的 Phase: 执行 /tech-architecture
[2026-03-18 06:50] ⚠️  未识别的 Phase: 执行 /tech-architecture
[2026-03-18 06:50] === Dispatch 结束 ===
[2026-03-18 06:50] === Dispatch 结束 ===
[2026-03-18 07:00] === PM Dispatcher 运行 ===
[2026-03-18 07:00] === PM Dispatcher 运行 ===
[2026-03-18 07:00] 🔄 下一步: 执行 /tech-architecture
[2026-03-18 07:00] 🔄 下一步: 执行 /tech-architecture
[2026-03-18 07:00] ⚠️  未识别的 Phase: 执行 /tech-architecture
[2026-03-18 07:00] ⚠️  未识别的 Phase: 执行 /tech-architecture
[2026-03-18 07:00] === Dispatch 结束 ===
[2026-03-18 07:00] === Dispatch 结束 ===
[2026-03-18 07:10] === PM Dispatcher 运行 ===
[2026-03-18 07:10] === PM Dispatcher 运行 ===
[2026-03-18 07:10] 🔄 下一步: 执行 /tech-architecture
[2026-03-18 07:10] 🔄 下一步: 执行 /tech-architecture
[2026-03-18 07:10] ⚠️  未识别的 Phase: 执行 /tech-architecture
[2026-03-18 07:10] ⚠️  未识别的 Phase: 执行 /tech-architecture
[2026-03-18 07:10] === Dispatch 结束 ===
[2026-03-18 07:10] === Dispatch 结束 ===
[2026-03-18 07:20] === PM Dispatcher 运行 ===
[2026-03-18 07:20] === PM Dispatcher 运行 ===
[2026-03-18 07:20] 🔄 下一步: 执行 /tech-architecture
[2026-03-18 07:20] 🔄 下一步: 执行 /tech-architecture
[2026-03-18 07:20] ⚠️  未识别的 Phase: 执行 /tech-architecture
[2026-03-18 07:20] ⚠️  未识别的 Phase: 执行 /tech-architecture
[2026-03-18 07:20] === Dispatch 结束 ===
[2026-03-18 07:20] === Dispatch 结束 ===
[2026-03-18 07:30] === PM Dispatcher 运行 ===
[2026-03-18 07:30] === PM Dispatcher 运行 ===
[2026-03-18 07:30] 🔄 下一步: 执行 /tech-architecture
[2026-03-18 07:30] 🔄 下一步: 执行 /tech-architecture
[2026-03-18 07:30] ⚠️  未识别的 Phase: 执行 /tech-architecture
[2026-03-18 07:30] ⚠️  未识别的 Phase: 执行 /tech-architecture
[2026-03-18 07:30] === Dispatch 结束 ===
[2026-03-18 07:30] === Dispatch 结束 ===
[2026-03-18 07:40] === PM Dispatcher 运行 ===
[2026-03-18 07:40] === PM Dispatcher 运行 ===
[2026-03-18 07:40] 🔄 下一步: 执行 /tech-architecture
[2026-03-18 07:40] 🔄 下一步: 执行 /tech-architecture
[2026-03-18 07:40] ⚠️  未识别的 Phase: 执行 /tech-architecture
[2026-03-18 07:40] ⚠️  未识别的 Phase: 执行 /tech-architecture
[2026-03-18 07:40] === Dispatch 结束 ===
[2026-03-18 07:40] === Dispatch 结束 ===
[2026-03-18 07:50] === PM Dispatcher 运行 ===
[2026-03-18 07:50] === PM Dispatcher 运行 ===
[2026-03-18 07:50] 🔄 下一步: 执行 /tech-architecture
[2026-03-18 07:50] 🔄 下一步: 执行 /tech-architecture
[2026-03-18 07:50] ⚠️  未识别的 Phase: 执行 /tech-architecture
[2026-03-18 07:50] ⚠️  未识别的 Phase: 执行 /tech-architecture
[2026-03-18 07:50] === Dispatch 结束 ===
[2026-03-18 07:50] === Dispatch 结束 ===
[2026-03-18 08:00] === PM Dispatcher 运行 ===
[2026-03-18 08:00] === PM Dispatcher 运行 ===
[2026-03-18 08:00] 🔄 下一步: 执行 /tech-architecture
[2026-03-18 08:00] 🔄 下一步: 执行 /tech-architecture
[2026-03-18 08:00] ⚠️  未识别的 Phase: 执行 /tech-architecture
[2026-03-18 08:00] ⚠️  未识别的 Phase: 执行 /tech-architecture
[2026-03-18 08:00] === Dispatch 结束 ===
[2026-03-18 08:00] === Dispatch 结束 ===
[2026-03-18 08:10] === PM Dispatcher 运行 ===
[2026-03-18 08:10] === PM Dispatcher 运行 ===
[2026-03-18 08:10] 🔄 下一步: 执行 /tech-architecture
[2026-03-18 08:10] 🔄 下一步: 执行 /tech-architecture
[2026-03-18 08:10] ⚠️  未识别的 Phase: 执行 /tech-architecture
[2026-03-18 08:10] ⚠️  未识别的 Phase: 执行 /tech-architecture
[2026-03-18 08:10] === Dispatch 结束 ===
[2026-03-18 08:10] === Dispatch 结束 ===
[2026-03-18 08:20] === PM Dispatcher 运行 ===
[2026-03-18 08:20] === PM Dispatcher 运行 ===
[2026-03-18 08:20] 🔄 下一步: 执行 /tech-architecture
[2026-03-18 08:20] 🔄 下一步: 执行 /tech-architecture
[2026-03-18 08:20] ⚠️  未识别的 Phase: 执行 /tech-architecture
[2026-03-18 08:20] ⚠️  未识别的 Phase: 执行 /tech-architecture
[2026-03-18 08:20] === Dispatch 结束 ===
[2026-03-18 08:20] === Dispatch 结束 ===
[2026-03-18 08:30] === PM Dispatcher 运行 ===
[2026-03-18 08:30] === PM Dispatcher 运行 ===
[2026-03-18 08:30] 🔄 下一步: 执行 /tech-architecture
[2026-03-18 08:30] 🔄 下一步: 执行 /tech-architecture
[2026-03-18 08:30] ⚠️  未识别的 Phase: 执行 /tech-architecture
[2026-03-18 08:30] ⚠️  未识别的 Phase: 执行 /tech-architecture
[2026-03-18 08:30] === Dispatch 结束 ===
[2026-03-18 08:30] === Dispatch 结束 ===
[2026-03-18 08:40] === PM Dispatcher 运行 ===
[2026-03-18 08:40] === PM Dispatcher 运行 ===
[2026-03-18 08:40] 🔄 下一步: 执行 /tech-architecture
[2026-03-18 08:40] 🔄 下一步: 执行 /tech-architecture
[2026-03-18 08:40] ⚠️  未识别的 Phase: 执行 /tech-architecture
[2026-03-18 08:40] ⚠️  未识别的 Phase: 执行 /tech-architecture
[2026-03-18 08:40] === Dispatch 结束 ===
[2026-03-18 08:40] === Dispatch 结束 ===
[2026-03-18 08:50] === PM Dispatcher 运行 ===
[2026-03-18 08:50] === PM Dispatcher 运行 ===
[2026-03-18 08:50] 🔄 下一步: 执行 /tech-architecture
[2026-03-18 08:50] 🔄 下一步: 执行 /tech-architecture
[2026-03-18 08:50] ⚠️  未识别的 Phase: 执行 /tech-architecture
[2026-03-18 08:50] ⚠️  未识别的 Phase: 执行 /tech-architecture
[2026-03-18 08:50] === Dispatch 结束 ===
[2026-03-18 08:50] === Dispatch 结束 ===
[2026-03-18 09:00] === PM Dispatcher 运行 ===
[2026-03-18 09:00] === PM Dispatcher 运行 ===
[2026-03-18 09:00] 🔄 下一步: 执行 /tech-architecture
[2026-03-18 09:00] 🔄 下一步: 执行 /tech-architecture
[2026-03-18 09:00] ⚠️  未识别的 Phase: 执行 /tech-architecture
[2026-03-18 09:00] ⚠️  未识别的 Phase: 执行 /tech-architecture
[2026-03-18 09:00] === Dispatch 结束 ===
[2026-03-18 09:00] === Dispatch 结束 ===
[2026-03-18 09:10] === PM Dispatcher 运行 ===
[2026-03-18 09:10] === PM Dispatcher 运行 ===
[2026-03-18 09:10] 🔄 下一步: 执行 /tech-architecture
[2026-03-18 09:10] 🔄 下一步: 执行 /tech-architecture
[2026-03-18 09:10] ⚠️  未识别的 Phase: 执行 /tech-architecture
[2026-03-18 09:10] ⚠️  未识别的 Phase: 执行 /tech-architecture
[2026-03-18 09:10] === Dispatch 结束 ===
[2026-03-18 09:10] === Dispatch 结束 ===
[2026-03-18 09:20] === PM Dispatcher 运行 ===
[2026-03-18 09:20] === PM Dispatcher 运行 ===
[2026-03-18 09:20] 🔄 下一步: 执行 /tech-architecture
[2026-03-18 09:20] 🔄 下一步: 执行 /tech-architecture
[2026-03-18 09:20] ⚠️  未识别的 Phase: 执行 /tech-architecture
[2026-03-18 09:20] ⚠️  未识别的 Phase: 执行 /tech-architecture
[2026-03-18 09:20] === Dispatch 结束 ===
[2026-03-18 09:20] === Dispatch 结束 ===
[2026-03-18 09:30] === PM Dispatcher 运行 ===
[2026-03-18 09:30] === PM Dispatcher 运行 ===
[2026-03-18 09:30] 🔄 下一步: 执行 /tech-architecture
[2026-03-18 09:30] 🔄 下一步: 执行 /tech-architecture
[2026-03-18 09:30] ⚠️  未识别的 Phase: 执行 /tech-architecture
[2026-03-18 09:30] ⚠️  未识别的 Phase: 执行 /tech-architecture
[2026-03-18 09:30] === Dispatch 结束 ===
[2026-03-18 09:30] === Dispatch 结束 ===
[2026-03-18 09:40] === PM Dispatcher 运行 ===
[2026-03-18 09:40] === PM Dispatcher 运行 ===
[2026-03-18 09:40] 🔄 下一步: 执行 /tech-architecture
[2026-03-18 09:40] 🔄 下一步: 执行 /tech-architecture
[2026-03-18 09:40] ⚠️  未识别的 Phase: 执行 /tech-architecture
[2026-03-18 09:40] ⚠️  未识别的 Phase: 执行 /tech-architecture
[2026-03-18 09:40] === Dispatch 结束 ===
[2026-03-18 09:40] === Dispatch 结束 ===
[2026-03-18 09:50] === PM Dispatcher 运行 ===
[2026-03-18 09:50] === PM Dispatcher 运行 ===
[2026-03-18 09:50] 🔄 下一步: 执行 /tech-architecture
[2026-03-18 09:50] 🔄 下一步: 执行 /tech-architecture
[2026-03-18 09:50] ⚠️  未识别的 Phase: 执行 /tech-architecture
[2026-03-18 09:50] ⚠️  未识别的 Phase: 执行 /tech-architecture
[2026-03-18 09:50] === Dispatch 结束 ===
[2026-03-18 09:50] === Dispatch 结束 ===
[2026-03-18 10:00] === PM Dispatcher 运行 ===
[2026-03-18 10:00] === PM Dispatcher 运行 ===
[2026-03-18 10:00] 🔄 下一步: 执行 /tech-architecture
[2026-03-18 10:00] 🔄 下一步: 执行 /tech-architecture
[2026-03-18 10:00] ⚠️  未识别的 Phase: 执行 /tech-architecture
[2026-03-18 10:00] ⚠️  未识别的 Phase: 执行 /tech-architecture
[2026-03-18 10:00] === Dispatch 结束 ===
[2026-03-18 10:00] === Dispatch 结束 ===
[2026-03-18 10:10] === PM Dispatcher 运行 ===
[2026-03-18 10:10] === PM Dispatcher 运行 ===
[2026-03-18 10:10] 🔄 下一步: 执行 /tech-architecture
[2026-03-18 10:10] 🔄 下一步: 执行 /tech-architecture
[2026-03-18 10:10] ⚠️  未识别的 Phase: 执行 /tech-architecture
[2026-03-18 10:10] ⚠️  未识别的 Phase: 执行 /tech-architecture
[2026-03-18 10:10] === Dispatch 结束 ===
[2026-03-18 10:10] === Dispatch 结束 ===
[2026-03-18 10:20] === PM Dispatcher 运行 ===
[2026-03-18 10:20] === PM Dispatcher 运行 ===
[2026-03-18 10:20] 🔄 下一步: 执行 /tech-architecture
[2026-03-18 10:20] 🔄 下一步: 执行 /tech-architecture
[2026-03-18 10:20] ⚠️  未识别的 Phase: 执行 /tech-architecture
[2026-03-18 10:20] ⚠️  未识别的 Phase: 执行 /tech-architecture
[2026-03-18 10:20] === Dispatch 结束 ===
[2026-03-18 10:20] === Dispatch 结束 ===
[2026-03-18 10:30] === PM Dispatcher 运行 ===
[2026-03-18 10:30] === PM Dispatcher 运行 ===
[2026-03-18 10:30] 🔄 下一步: 执行 /utm-injector
[2026-03-18 10:30] 🔄 下一步: 执行 /utm-injector
[2026-03-18 10:30] ⚠️  未识别的 Phase: 执行 /utm-injector
[2026-03-18 10:30] ⚠️  未识别的 Phase: 执行 /utm-injector
[2026-03-18 10:30] === Dispatch 结束 ===
[2026-03-18 10:30] === Dispatch 结束 ===
[2026-03-18 10:40] === PM Dispatcher 运行 ===
[2026-03-18 10:40] === PM Dispatcher 运行 ===
[2026-03-18 10:40] 🔄 下一步: 执行 /utm-injector
[2026-03-18 10:40] 🔄 下一步: 执行 /utm-injector
[2026-03-18 10:40] ⚠️  未识别的 Phase: 执行 /utm-injector
[2026-03-18 10:40] ⚠️  未识别的 Phase: 执行 /utm-injector
[2026-03-18 10:40] === Dispatch 结束 ===
[2026-03-18 10:40] === Dispatch 结束 ===
[2026-03-18 10:50] === PM Dispatcher 运行 ===
[2026-03-18 10:50] === PM Dispatcher 运行 ===
[2026-03-18 10:50] 🔄 下一步: 执行 /utm-injector
[2026-03-18 10:50] 🔄 下一步: 执行 /utm-injector
[2026-03-18 10:50] ⚠️  未识别的 Phase: 执行 /utm-injector
[2026-03-18 10:50] ⚠️  未识别的 Phase: 执行 /utm-injector
[2026-03-18 10:50] === Dispatch 结束 ===
[2026-03-18 10:50] === Dispatch 结束 ===
[2026-03-18 11:00] === PM Dispatcher 运行 ===
[2026-03-18 11:00] === PM Dispatcher 运行 ===
[2026-03-18 11:00] 🔄 下一步: 执行 /utm-injector
[2026-03-18 11:00] 🔄 下一步: 执行 /utm-injector
[2026-03-18 11:00] ⚠️  未识别的 Phase: 执行 /utm-injector
[2026-03-18 11:00] ⚠️  未识别的 Phase: 执行 /utm-injector
[2026-03-18 11:00] === Dispatch 结束 ===
[2026-03-18 11:00] === Dispatch 结束 ===
[2026-03-18 11:10] === PM Dispatcher 运行 ===
[2026-03-18 11:10] === PM Dispatcher 运行 ===
[2026-03-18 11:10] 🔄 下一步: 执行 /utm-injector
[2026-03-18 11:10] 🔄 下一步: 执行 /utm-injector
[2026-03-18 11:10] ⚠️  未识别的 Phase: 执行 /utm-injector
[2026-03-18 11:10] ⚠️  未识别的 Phase: 执行 /utm-injector
[2026-03-18 11:10] === Dispatch 结束 ===
[2026-03-18 11:10] === Dispatch 结束 ===
[2026-03-18 11:20] === PM Dispatcher 运行 ===
[2026-03-18 11:20] === PM Dispatcher 运行 ===
[2026-03-18 11:20] 🔄 下一步: 执行 /utm-injector
[2026-03-18 11:20] 🔄 下一步: 执行 /utm-injector
[2026-03-18 11:20] ⚠️  未识别的 Phase: 执行 /utm-injector
[2026-03-18 11:20] ⚠️  未识别的 Phase: 执行 /utm-injector
[2026-03-18 11:20] === Dispatch 结束 ===
[2026-03-18 11:20] === Dispatch 结束 ===
[2026-03-18 11:30] === PM Dispatcher 运行 ===
[2026-03-18 11:30] === PM Dispatcher 运行 ===
[2026-03-18 11:30] 🔄 下一步: 执行 /utm-injector
[2026-03-18 11:30] 🔄 下一步: 执行 /utm-injector
[2026-03-18 11:30] ⚠️  未识别的 Phase: 执行 /utm-injector
[2026-03-18 11:30] ⚠️  未识别的 Phase: 执行 /utm-injector
[2026-03-18 11:30] === Dispatch 结束 ===
[2026-03-18 11:30] === Dispatch 结束 ===
[2026-03-18 11:40] === PM Dispatcher 运行 ===
[2026-03-18 11:40] === PM Dispatcher 运行 ===
[2026-03-18 11:40] 🔄 下一步: 执行 /utm-injector
[2026-03-18 11:40] 🔄 下一步: 执行 /utm-injector
[2026-03-18 11:40] ⚠️  未识别的 Phase: 执行 /utm-injector
[2026-03-18 11:40] ⚠️  未识别的 Phase: 执行 /utm-injector
[2026-03-18 11:40] === Dispatch 结束 ===
[2026-03-18 11:40] === Dispatch 结束 ===
[2026-03-18 11:50] === PM Dispatcher 运行 ===
[2026-03-18 11:50] === PM Dispatcher 运行 ===
[2026-03-18 11:50] 🔄 下一步: 执行 /utm-injector
[2026-03-18 11:50] 🔄 下一步: 执行 /utm-injector
[2026-03-18 11:50] ⚠️  未识别的 Phase: 执行 /utm-injector
[2026-03-18 11:50] ⚠️  未识别的 Phase: 执行 /utm-injector
[2026-03-18 11:50] === Dispatch 结束 ===
[2026-03-18 11:50] === Dispatch 结束 ===
[2026-03-18 12:00] === PM Dispatcher 运行 ===
[2026-03-18 12:00] === PM Dispatcher 运行 ===
[2026-03-18 12:00] 🔄 下一步: 执行 /utm-injector
[2026-03-18 12:00] 🔄 下一步: 执行 /utm-injector
[2026-03-18 12:00] ⚠️  未识别的 Phase: 执行 /utm-injector
[2026-03-18 12:00] ⚠️  未识别的 Phase: 执行 /utm-injector
[2026-03-18 12:00] === Dispatch 结束 ===
[2026-03-18 12:00] === Dispatch 结束 ===
[2026-03-18 12:10] === PM Dispatcher 运行 ===
[2026-03-18 12:10] === PM Dispatcher 运行 ===
[2026-03-18 12:10] 🔄 下一步: 执行 /utm-injector
[2026-03-18 12:10] 🔄 下一步: 执行 /utm-injector
[2026-03-18 12:10] ⚠️  未识别的 Phase: 执行 /utm-injector
[2026-03-18 12:10] ⚠️  未识别的 Phase: 执行 /utm-injector
[2026-03-18 12:10] === Dispatch 结束 ===
[2026-03-18 12:10] === Dispatch 结束 ===
[2026-03-18 12:20] === PM Dispatcher 运行 ===
[2026-03-18 12:20] === PM Dispatcher 运行 ===
[2026-03-18 12:20] 🔄 下一步: 执行 /utm-injector
[2026-03-18 12:20] 🔄 下一步: 执行 /utm-injector
[2026-03-18 12:20] ⚠️  未识别的 Phase: 执行 /utm-injector
[2026-03-18 12:20] ⚠️  未识别的 Phase: 执行 /utm-injector
[2026-03-18 12:20] === Dispatch 结束 ===
[2026-03-18 12:20] === Dispatch 结束 ===
[2026-03-18 12:30] === PM Dispatcher 运行 ===
[2026-03-18 12:30] === PM Dispatcher 运行 ===
[2026-03-18 12:30] 🔄 下一步: 执行 /utm-injector
[2026-03-18 12:30] 🔄 下一步: 执行 /utm-injector
[2026-03-18 12:30] ⚠️  未识别的 Phase: 执行 /utm-injector
[2026-03-18 12:30] ⚠️  未识别的 Phase: 执行 /utm-injector
[2026-03-18 12:30] === Dispatch 结束 ===
[2026-03-18 12:30] === Dispatch 结束 ===
[2026-03-18 12:40] === PM Dispatcher 运行 ===
[2026-03-18 12:40] === PM Dispatcher 运行 ===
[2026-03-18 12:40] 🔄 下一步: 执行 /utm-injector
[2026-03-18 12:40] 🔄 下一步: 执行 /utm-injector
[2026-03-18 12:40] ⚠️  未识别的 Phase: 执行 /utm-injector
[2026-03-18 12:40] ⚠️  未识别的 Phase: 执行 /utm-injector
[2026-03-18 12:40] === Dispatch 结束 ===
[2026-03-18 12:40] === Dispatch 结束 ===
[2026-03-18 12:50] === PM Dispatcher 运行 ===
[2026-03-18 12:50] === PM Dispatcher 运行 ===
[2026-03-18 12:50] 🔄 下一步: 执行 /utm-injector
[2026-03-18 12:50] 🔄 下一步: 执行 /utm-injector
[2026-03-18 12:50] ⚠️  未识别的 Phase: 执行 /utm-injector
[2026-03-18 12:50] ⚠️  未识别的 Phase: 执行 /utm-injector
[2026-03-18 12:50] === Dispatch 结束 ===
[2026-03-18 12:50] === Dispatch 结束 ===
[2026-03-18 13:00] === PM Dispatcher 运行 ===
[2026-03-18 13:00] === PM Dispatcher 运行 ===
[2026-03-18 13:00] 🔄 下一步: 执行 /utm-injector
[2026-03-18 13:00] 🔄 下一步: 执行 /utm-injector
[2026-03-18 13:00] ⚠️  未识别的 Phase: 执行 /utm-injector
[2026-03-18 13:00] ⚠️  未识别的 Phase: 执行 /utm-injector
[2026-03-18 13:00] === Dispatch 结束 ===
[2026-03-18 13:00] === Dispatch 结束 ===
[2026-03-18 13:10] === PM Dispatcher 运行 ===
[2026-03-18 13:10] === PM Dispatcher 运行 ===
[2026-03-18 13:10] 🔄 下一步: 执行 /utm-injector
[2026-03-18 13:10] 🔄 下一步: 执行 /utm-injector
[2026-03-18 13:10] ⚠️  未识别的 Phase: 执行 /utm-injector
[2026-03-18 13:10] ⚠️  未识别的 Phase: 执行 /utm-injector
[2026-03-18 13:10] === Dispatch 结束 ===
[2026-03-18 13:10] === Dispatch 结束 ===
[2026-03-18 13:20] === PM Dispatcher 运行 ===
[2026-03-18 13:20] === PM Dispatcher 运行 ===
[2026-03-18 13:20] 🔄 下一步: 执行 /utm-injector
[2026-03-18 13:20] 🔄 下一步: 执行 /utm-injector
[2026-03-18 13:20] ⚠️  未识别的 Phase: 执行 /utm-injector
[2026-03-18 13:20] ⚠️  未识别的 Phase: 执行 /utm-injector
[2026-03-18 13:20] === Dispatch 结束 ===
[2026-03-18 13:20] === Dispatch 结束 ===
[2026-03-18 13:30] === PM Dispatcher 运行 ===
[2026-03-18 13:30] === PM Dispatcher 运行 ===
[2026-03-18 13:30] 🔄 下一步: 执行 /utm-injector
[2026-03-18 13:30] 🔄 下一步: 执行 /utm-injector
[2026-03-18 13:30] ⚠️  未识别的 Phase: 执行 /utm-injector
[2026-03-18 13:30] ⚠️  未识别的 Phase: 执行 /utm-injector
[2026-03-18 13:30] === Dispatch 结束 ===
[2026-03-18 13:30] === Dispatch 结束 ===
[2026-03-18 13:40] === PM Dispatcher 运行 ===
[2026-03-18 13:40] === PM Dispatcher 运行 ===
[2026-03-18 13:40] 🔄 下一步: 执行 /utm-injector
[2026-03-18 13:40] 🔄 下一步: 执行 /utm-injector
[2026-03-18 13:40] ⚠️  未识别的 Phase: 执行 /utm-injector
[2026-03-18 13:40] ⚠️  未识别的 Phase: 执行 /utm-injector
[2026-03-18 13:40] === Dispatch 结束 ===
[2026-03-18 13:40] === Dispatch 结束 ===
[2026-03-18 13:50] === PM Dispatcher 运行 ===
[2026-03-18 13:50] === PM Dispatcher 运行 ===
[2026-03-18 13:50] 🔄 下一步: 执行 /utm-injector
[2026-03-18 13:50] 🔄 下一步: 执行 /utm-injector
[2026-03-18 13:50] ⚠️  未识别的 Phase: 执行 /utm-injector
[2026-03-18 13:50] ⚠️  未识别的 Phase: 执行 /utm-injector
[2026-03-18 13:50] === Dispatch 结束 ===
[2026-03-18 13:50] === Dispatch 结束 ===
[2026-03-18 14:00] === PM Dispatcher 运行 ===
[2026-03-18 14:00] === PM Dispatcher 运行 ===
[2026-03-18 14:00] 🔄 下一步: 执行 /utm-injector
[2026-03-18 14:00] 🔄 下一步: 执行 /utm-injector
[2026-03-18 14:00] ⚠️  未识别的 Phase: 执行 /utm-injector
[2026-03-18 14:00] ⚠️  未识别的 Phase: 执行 /utm-injector
[2026-03-18 14:00] === Dispatch 结束 ===
[2026-03-18 14:00] === Dispatch 结束 ===
[2026-03-18 14:10] === PM Dispatcher 运行 ===
[2026-03-18 14:10] === PM Dispatcher 运行 ===
[2026-03-18 14:10] 🔄 下一步: 执行 /utm-injector
[2026-03-18 14:10] 🔄 下一步: 执行 /utm-injector
[2026-03-18 14:10] ⚠️  未识别的 Phase: 执行 /utm-injector
[2026-03-18 14:10] ⚠️  未识别的 Phase: 执行 /utm-injector
[2026-03-18 14:10] === Dispatch 结束 ===
[2026-03-18 14:10] === Dispatch 结束 ===
[2026-03-18 14:20] === PM Dispatcher 运行 ===
[2026-03-18 14:20] === PM Dispatcher 运行 ===
[2026-03-18 14:20] 🔄 下一步: 执行 /utm-injector
[2026-03-18 14:20] 🔄 下一步: 执行 /utm-injector
[2026-03-18 14:20] ⚠️  未识别的 Phase: 执行 /utm-injector
[2026-03-18 14:20] ⚠️  未识别的 Phase: 执行 /utm-injector
[2026-03-18 14:20] === Dispatch 结束 ===
[2026-03-18 14:20] === Dispatch 结束 ===
[2026-03-18 14:30] === PM Dispatcher 运行 ===
[2026-03-18 14:30] === PM Dispatcher 运行 ===
[2026-03-18 14:30] 🔄 下一步: 执行 /utm-injector
[2026-03-18 14:30] 🔄 下一步: 执行 /utm-injector
[2026-03-18 14:30] ⚠️  未识别的 Phase: 执行 /utm-injector
[2026-03-18 14:30] ⚠️  未识别的 Phase: 执行 /utm-injector
[2026-03-18 14:30] === Dispatch 结束 ===
[2026-03-18 14:30] === Dispatch 结束 ===
[2026-03-18 14:40] === PM Dispatcher 运行 ===
[2026-03-18 14:40] === PM Dispatcher 运行 ===
[2026-03-18 14:40] 🔄 下一步: 执行 /utm-injector
[2026-03-18 14:40] 🔄 下一步: 执行 /utm-injector
[2026-03-18 14:40] ⚠️  未识别的 Phase: 执行 /utm-injector
[2026-03-18 14:40] ⚠️  未识别的 Phase: 执行 /utm-injector
[2026-03-18 14:40] === Dispatch 结束 ===
[2026-03-18 14:40] === Dispatch 结束 ===
[2026-03-18 14:50] === PM Dispatcher 运行 ===
[2026-03-18 14:50] === PM Dispatcher 运行 ===
[2026-03-18 14:50] 🔄 下一步: 执行 /utm-injector
[2026-03-18 14:50] 🔄 下一步: 执行 /utm-injector
[2026-03-18 14:50] ⚠️  未识别的 Phase: 执行 /utm-injector
[2026-03-18 14:50] ⚠️  未识别的 Phase: 执行 /utm-injector
[2026-03-18 14:50] === Dispatch 结束 ===
[2026-03-18 14:50] === Dispatch 结束 ===
[2026-03-18 15:00] === PM Dispatcher 运行 ===
[2026-03-18 15:00] === PM Dispatcher 运行 ===
[2026-03-18 15:00] 🔄 下一步: 执行 /utm-injector
[2026-03-18 15:00] 🔄 下一步: 执行 /utm-injector
[2026-03-18 15:00] ⚠️  未识别的 Phase: 执行 /utm-injector
[2026-03-18 15:00] ⚠️  未识别的 Phase: 执行 /utm-injector
[2026-03-18 15:00] === Dispatch 结束 ===
[2026-03-18 15:00] === Dispatch 结束 ===
[2026-03-18 15:10] === PM Dispatcher 运行 ===
[2026-03-18 15:10] === PM Dispatcher 运行 ===
[2026-03-18 15:10] 🔄 下一步: 执行 /utm-injector
[2026-03-18 15:10] 🔄 下一步: 执行 /utm-injector
[2026-03-18 15:10] ⚠️  未识别的 Phase: 执行 /utm-injector
[2026-03-18 15:10] ⚠️  未识别的 Phase: 执行 /utm-injector
[2026-03-18 15:10] === Dispatch 结束 ===
[2026-03-18 15:10] === Dispatch 结束 ===
[2026-03-18 15:20] === PM Dispatcher 运行 ===
[2026-03-18 15:20] === PM Dispatcher 运行 ===
[2026-03-18 15:20] 🔄 下一步: 执行 /utm-injector
[2026-03-18 15:20] 🔄 下一步: 执行 /utm-injector
[2026-03-18 15:20] ⚠️  未识别的 Phase: 执行 /utm-injector
[2026-03-18 15:20] ⚠️  未识别的 Phase: 执行 /utm-injector
[2026-03-18 15:20] === Dispatch 结束 ===
[2026-03-18 15:20] === Dispatch 结束 ===
[2026-03-18 15:30] === PM Dispatcher 运行 ===
[2026-03-18 15:30] === PM Dispatcher 运行 ===
[2026-03-18 15:30] 🔄 下一步: 执行 /utm-injector
[2026-03-18 15:30] 🔄 下一步: 执行 /utm-injector
[2026-03-18 15:30] ⚠️  未识别的 Phase: 执行 /utm-injector
[2026-03-18 15:30] ⚠️  未识别的 Phase: 执行 /utm-injector
[2026-03-18 15:30] === Dispatch 结束 ===
[2026-03-18 15:30] === Dispatch 结束 ===
[2026-03-18 15:40] === PM Dispatcher 运行 ===
[2026-03-18 15:40] === PM Dispatcher 运行 ===
[2026-03-18 15:40] 🔄 下一步: 执行 /utm-injector
[2026-03-18 15:40] 🔄 下一步: 执行 /utm-injector
[2026-03-18 15:40] ⚠️  未识别的 Phase: 执行 /utm-injector
[2026-03-18 15:40] ⚠️  未识别的 Phase: 执行 /utm-injector
[2026-03-18 15:40] === Dispatch 结束 ===
[2026-03-18 15:40] === Dispatch 结束 ===
[2026-03-18 15:50] === PM Dispatcher 运行 ===
[2026-03-18 15:50] === PM Dispatcher 运行 ===
[2026-03-18 15:50] 🔄 下一步: 执行 /utm-injector
[2026-03-18 15:50] 🔄 下一步: 执行 /utm-injector
[2026-03-18 15:50] ⚠️  未识别的 Phase: 执行 /utm-injector
[2026-03-18 15:50] ⚠️  未识别的 Phase: 执行 /utm-injector
[2026-03-18 15:50] === Dispatch 结束 ===
[2026-03-18 15:50] === Dispatch 结束 ===
[2026-03-18 16:00] === PM Dispatcher 运行 ===
[2026-03-18 16:00] === PM Dispatcher 运行 ===
[2026-03-18 16:00] 🔄 下一步: 执行 /utm-injector
[2026-03-18 16:00] 🔄 下一步: 执行 /utm-injector
[2026-03-18 16:00] ⚠️  未识别的 Phase: 执行 /utm-injector
[2026-03-18 16:00] ⚠️  未识别的 Phase: 执行 /utm-injector
[2026-03-18 16:00] === Dispatch 结束 ===
[2026-03-18 16:00] === Dispatch 结束 ===
[2026-03-18 16:10] === PM Dispatcher 运行 ===
[2026-03-18 16:10] === PM Dispatcher 运行 ===
[2026-03-18 16:10] 🔄 下一步: 执行 /utm-injector
[2026-03-18 16:10] 🔄 下一步: 执行 /utm-injector
[2026-03-18 16:10] ⚠️  未识别的 Phase: 执行 /utm-injector
[2026-03-18 16:10] ⚠️  未识别的 Phase: 执行 /utm-injector
[2026-03-18 16:10] === Dispatch 结束 ===
[2026-03-18 16:10] === Dispatch 结束 ===
[2026-03-18 16:20] === PM Dispatcher 运行 ===
[2026-03-18 16:20] === PM Dispatcher 运行 ===
[2026-03-18 16:20] 🔄 下一步: 执行 /utm-injector
[2026-03-18 16:20] 🔄 下一步: 执行 /utm-injector
[2026-03-18 16:20] ⚠️  未识别的 Phase: 执行 /utm-injector
[2026-03-18 16:20] ⚠️  未识别的 Phase: 执行 /utm-injector
[2026-03-18 16:20] === Dispatch 结束 ===
[2026-03-18 16:20] === Dispatch 结束 ===
[2026-03-18 16:30] === PM Dispatcher 运行 ===
[2026-03-18 16:30] === PM Dispatcher 运行 ===
[2026-03-18 16:30] 🔄 下一步: 执行 /utm-injector
[2026-03-18 16:30] 🔄 下一步: 执行 /utm-injector
[2026-03-18 16:30] ⚠️  未识别的 Phase: 执行 /utm-injector
[2026-03-18 16:30] ⚠️  未识别的 Phase: 执行 /utm-injector
[2026-03-18 16:30] === Dispatch 结束 ===
[2026-03-18 16:30] === Dispatch 结束 ===
[2026-03-18 16:40] === PM Dispatcher 运行 ===
[2026-03-18 16:40] === PM Dispatcher 运行 ===
[2026-03-18 16:40] 🔄 下一步: 执行 /utm-injector
[2026-03-18 16:40] 🔄 下一步: 执行 /utm-injector
[2026-03-18 16:40] ⚠️  未识别的 Phase: 执行 /utm-injector
[2026-03-18 16:40] ⚠️  未识别的 Phase: 执行 /utm-injector
[2026-03-18 16:40] === Dispatch 结束 ===
[2026-03-18 16:40] === Dispatch 结束 ===
[2026-03-18 16:50] === PM Dispatcher 运行 ===
[2026-03-18 16:50] === PM Dispatcher 运行 ===
[2026-03-18 16:50] 🔄 下一步: 执行 /utm-injector
[2026-03-18 16:50] 🔄 下一步: 执行 /utm-injector
[2026-03-18 16:50] ⚠️  未识别的 Phase: 执行 /utm-injector
[2026-03-18 16:50] ⚠️  未识别的 Phase: 执行 /utm-injector
[2026-03-18 16:50] === Dispatch 结束 ===
[2026-03-18 16:50] === Dispatch 结束 ===
[2026-03-18 17:00] === PM Dispatcher 运行 ===
[2026-03-18 17:00] === PM Dispatcher 运行 ===
[2026-03-18 17:00] 🔄 下一步: 执行 /utm-injector
[2026-03-18 17:00] 🔄 下一步: 执行 /utm-injector
[2026-03-18 17:00] ⚠️  未识别的 Phase: 执行 /utm-injector
[2026-03-18 17:00] ⚠️  未识别的 Phase: 执行 /utm-injector
[2026-03-18 17:00] === Dispatch 结束 ===
[2026-03-18 17:00] === Dispatch 结束 ===
[2026-03-18 17:10] === PM Dispatcher 运行 ===
[2026-03-18 17:10] === PM Dispatcher 运行 ===
[2026-03-18 17:10] 🔄 下一步: 执行 /utm-injector
[2026-03-18 17:10] 🔄 下一步: 执行 /utm-injector
[2026-03-18 17:10] ⚠️  未识别的 Phase: 执行 /utm-injector
[2026-03-18 17:10] ⚠️  未识别的 Phase: 执行 /utm-injector
[2026-03-18 17:10] === Dispatch 结束 ===
[2026-03-18 17:10] === Dispatch 结束 ===
[2026-03-18 17:20] === PM Dispatcher 运行 ===
[2026-03-18 17:20] === PM Dispatcher 运行 ===
[2026-03-18 17:20] 🔄 下一步: 执行 /utm-injector
[2026-03-18 17:20] 🔄 下一步: 执行 /utm-injector
[2026-03-18 17:20] ⚠️  未识别的 Phase: 执行 /utm-injector
[2026-03-18 17:20] ⚠️  未识别的 Phase: 执行 /utm-injector
[2026-03-18 17:20] === Dispatch 结束 ===
[2026-03-18 17:20] === Dispatch 结束 ===
[2026-03-18 17:30] === PM Dispatcher 运行 ===
[2026-03-18 17:30] === PM Dispatcher 运行 ===
[2026-03-18 17:30] 🔄 下一步: 执行 /utm-injector
[2026-03-18 17:30] 🔄 下一步: 执行 /utm-injector
[2026-03-18 17:30] ⚠️  未识别的 Phase: 执行 /utm-injector
[2026-03-18 17:30] ⚠️  未识别的 Phase: 执行 /utm-injector
[2026-03-18 17:30] === Dispatch 结束 ===
[2026-03-18 17:30] === Dispatch 结束 ===
[2026-03-18 17:40] === PM Dispatcher 运行 ===
[2026-03-18 17:40] === PM Dispatcher 运行 ===
[2026-03-18 17:40] 🔄 下一步: 执行 /utm-injector
[2026-03-18 17:40] 🔄 下一步: 执行 /utm-injector
[2026-03-18 17:40] ⚠️  未识别的 Phase: 执行 /utm-injector
[2026-03-18 17:40] ⚠️  未识别的 Phase: 执行 /utm-injector
[2026-03-18 17:40] === Dispatch 结束 ===
[2026-03-18 17:40] === Dispatch 结束 ===
[2026-03-18 17:50] === PM Dispatcher 运行 ===
[2026-03-18 17:50] === PM Dispatcher 运行 ===
[2026-03-18 17:50] 🔄 下一步: 执行 /utm-injector
[2026-03-18 17:50] 🔄 下一步: 执行 /utm-injector
[2026-03-18 17:50] ⚠️  未识别的 Phase: 执行 /utm-injector
[2026-03-18 17:50] ⚠️  未识别的 Phase: 执行 /utm-injector
[2026-03-18 17:50] === Dispatch 结束 ===
[2026-03-18 17:50] === Dispatch 结束 ===
[2026-03-18 18:00] === PM Dispatcher 运行 ===
[2026-03-18 18:00] === PM Dispatcher 运行 ===
[2026-03-18 18:00] 🔄 下一步: 执行 /utm-injector
[2026-03-18 18:00] 🔄 下一步: 执行 /utm-injector
[2026-03-18 18:00] ⚠️  未识别的 Phase: 执行 /utm-injector
[2026-03-18 18:00] ⚠️  未识别的 Phase: 执行 /utm-injector
[2026-03-18 18:00] === Dispatch 结束 ===
[2026-03-18 18:00] === Dispatch 结束 ===
[2026-03-18 18:10] === PM Dispatcher 运行 ===
[2026-03-18 18:10] === PM Dispatcher 运行 ===
[2026-03-18 18:10] 🔄 下一步: 执行 /utm-injector
[2026-03-18 18:10] 🔄 下一步: 执行 /utm-injector
[2026-03-18 18:10] ⚠️  未识别的 Phase: 执行 /utm-injector
[2026-03-18 18:10] ⚠️  未识别的 Phase: 执行 /utm-injector
[2026-03-18 18:10] === Dispatch 结束 ===
[2026-03-18 18:10] === Dispatch 结束 ===
[2026-03-18 18:20] === PM Dispatcher 运行 ===
[2026-03-18 18:20] === PM Dispatcher 运行 ===
[2026-03-18 18:20] 🔄 下一步: 执行 /utm-injector
[2026-03-18 18:20] 🔄 下一步: 执行 /utm-injector
[2026-03-18 18:20] ⚠️  未识别的 Phase: 执行 /utm-injector
[2026-03-18 18:20] ⚠️  未识别的 Phase: 执行 /utm-injector
[2026-03-18 18:20] === Dispatch 结束 ===
[2026-03-18 18:20] === Dispatch 结束 ===
[2026-03-18 18:30] === PM Dispatcher 运行 ===
[2026-03-18 18:30] === PM Dispatcher 运行 ===
[2026-03-18 18:30] 🔄 下一步: 执行 /utm-injector
[2026-03-18 18:30] 🔄 下一步: 执行 /utm-injector
[2026-03-18 18:30] ⚠️  未识别的 Phase: 执行 /utm-injector
[2026-03-18 18:30] ⚠️  未识别的 Phase: 执行 /utm-injector
[2026-03-18 18:30] === Dispatch 结束 ===
[2026-03-18 18:30] === Dispatch 结束 ===
[2026-03-18 18:40] === PM Dispatcher 运行 ===
[2026-03-18 18:40] === PM Dispatcher 运行 ===
[2026-03-18 18:40] 🔄 下一步: 执行 /utm-injector
[2026-03-18 18:40] 🔄 下一步: 执行 /utm-injector
[2026-03-18 18:40] ⚠️  未识别的 Phase: 执行 /utm-injector
[2026-03-18 18:40] ⚠️  未识别的 Phase: 执行 /utm-injector
[2026-03-18 18:40] === Dispatch 结束 ===
[2026-03-18 18:40] === Dispatch 结束 ===
[2026-03-18 18:50] === PM Dispatcher 运行 ===
[2026-03-18 18:50] === PM Dispatcher 运行 ===
[2026-03-18 18:50] 🔄 下一步: 执行 /utm-injector
[2026-03-18 18:50] 🔄 下一步: 执行 /utm-injector
[2026-03-18 18:50] ⚠️  未识别的 Phase: 执行 /utm-injector
[2026-03-18 18:50] ⚠️  未识别的 Phase: 执行 /utm-injector
[2026-03-18 18:50] === Dispatch 结束 ===
[2026-03-18 18:50] === Dispatch 结束 ===
[2026-03-18 19:00] === PM Dispatcher 运行 ===
[2026-03-18 19:00] === PM Dispatcher 运行 ===
[2026-03-18 19:00] 🔄 下一步: 执行 /utm-injector
[2026-03-18 19:00] 🔄 下一步: 执行 /utm-injector
[2026-03-18 19:00] ⚠️  未识别的 Phase: 执行 /utm-injector
[2026-03-18 19:00] ⚠️  未识别的 Phase: 执行 /utm-injector
[2026-03-18 19:00] === Dispatch 结束 ===
[2026-03-18 19:00] === Dispatch 结束 ===
[2026-03-18 19:10] === PM Dispatcher 运行 ===
[2026-03-18 19:10] === PM Dispatcher 运行 ===
[2026-03-18 19:10] 🔄 下一步: 执行 /utm-injector
[2026-03-18 19:10] 🔄 下一步: 执行 /utm-injector
[2026-03-18 19:10] ⚠️  未识别的 Phase: 执行 /utm-injector
[2026-03-18 19:10] ⚠️  未识别的 Phase: 执行 /utm-injector
[2026-03-18 19:10] === Dispatch 结束 ===
[2026-03-18 19:10] === Dispatch 结束 ===
[2026-03-18 19:20] === PM Dispatcher 运行 ===
[2026-03-18 19:20] === PM Dispatcher 运行 ===
[2026-03-18 19:20] 🔄 下一步: 执行 /utm-injector
[2026-03-18 19:20] 🔄 下一步: 执行 /utm-injector
[2026-03-18 19:20] ⚠️  未识别的 Phase: 执行 /utm-injector
[2026-03-18 19:20] ⚠️  未识别的 Phase: 执行 /utm-injector
[2026-03-18 19:20] === Dispatch 结束 ===
[2026-03-18 19:20] === Dispatch 结束 ===
[2026-03-18 19:30] === PM Dispatcher 运行 ===
[2026-03-18 19:30] === PM Dispatcher 运行 ===
[2026-03-18 19:30] 🔄 下一步: 执行 /utm-injector
[2026-03-18 19:30] 🔄 下一步: 执行 /utm-injector
[2026-03-18 19:30] ⚠️  未识别的 Phase: 执行 /utm-injector
[2026-03-18 19:30] ⚠️  未识别的 Phase: 执行 /utm-injector
[2026-03-18 19:30] === Dispatch 结束 ===
[2026-03-18 19:30] === Dispatch 结束 ===
[2026-03-18 19:40] === PM Dispatcher 运行 ===
[2026-03-18 19:40] === PM Dispatcher 运行 ===
[2026-03-18 19:40] 🔄 下一步: 执行 /utm-injector
[2026-03-18 19:40] 🔄 下一步: 执行 /utm-injector
[2026-03-18 19:40] ⚠️  未识别的 Phase: 执行 /utm-injector
[2026-03-18 19:40] ⚠️  未识别的 Phase: 执行 /utm-injector
[2026-03-18 19:40] === Dispatch 结束 ===
[2026-03-18 19:40] === Dispatch 结束 ===
[2026-03-18 19:50] === PM Dispatcher 运行 ===
[2026-03-18 19:50] === PM Dispatcher 运行 ===
[2026-03-18 19:50] 🔄 下一步: 执行 /utm-injector
[2026-03-18 19:50] 🔄 下一步: 执行 /utm-injector
[2026-03-18 19:50] ⚠️  未识别的 Phase: 执行 /utm-injector
[2026-03-18 19:50] ⚠️  未识别的 Phase: 执行 /utm-injector
[2026-03-18 19:50] === Dispatch 结束 ===
[2026-03-18 19:50] === Dispatch 结束 ===
[2026-03-18 20:00] === PM Dispatcher 运行 ===
[2026-03-18 20:00] === PM Dispatcher 运行 ===
[2026-03-18 20:00] 🔄 下一步: 执行 /utm-injector
[2026-03-18 20:00] 🔄 下一步: 执行 /utm-injector
[2026-03-18 20:00] ⚠️  未识别的 Phase: 执行 /utm-injector
[2026-03-18 20:00] ⚠️  未识别的 Phase: 执行 /utm-injector
[2026-03-18 20:00] === Dispatch 结束 ===
[2026-03-18 20:00] === Dispatch 结束 ===
[2026-03-18 20:10] === PM Dispatcher 运行 ===
[2026-03-18 20:10] === PM Dispatcher 运行 ===
[2026-03-18 20:10] 🔄 下一步: 执行 /utm-injector
[2026-03-18 20:10] 🔄 下一步: 执行 /utm-injector
[2026-03-18 20:10] ⚠️  未识别的 Phase: 执行 /utm-injector
[2026-03-18 20:10] ⚠️  未识别的 Phase: 执行 /utm-injector
[2026-03-18 20:10] === Dispatch 结束 ===
[2026-03-18 20:10] === Dispatch 结束 ===
[2026-03-18 20:20] === PM Dispatcher 运行 ===
[2026-03-18 20:20] === PM Dispatcher 运行 ===
[2026-03-18 20:20] 🔄 下一步: 执行 /utm-injector
[2026-03-18 20:20] 🔄 下一步: 执行 /utm-injector
[2026-03-18 20:20] ⚠️  未识别的 Phase: 执行 /utm-injector
[2026-03-18 20:20] ⚠️  未识别的 Phase: 执行 /utm-injector
[2026-03-18 20:20] === Dispatch 结束 ===
[2026-03-18 20:20] === Dispatch 结束 ===
[2026-03-18 20:30] === PM Dispatcher 运行 ===
[2026-03-18 20:30] === PM Dispatcher 运行 ===
[2026-03-18 20:30] 🔄 下一步: 执行 /utm-injector
[2026-03-18 20:30] 🔄 下一步: 执行 /utm-injector
[2026-03-18 20:30] ⚠️  未识别的 Phase: 执行 /utm-injector
[2026-03-18 20:30] ⚠️  未识别的 Phase: 执行 /utm-injector
[2026-03-18 20:30] === Dispatch 结束 ===
[2026-03-18 20:30] === Dispatch 结束 ===
[2026-03-18 20:40] === PM Dispatcher 运行 ===
[2026-03-18 20:40] === PM Dispatcher 运行 ===
[2026-03-18 20:40] 🔄 下一步: 执行 /utm-injector
[2026-03-18 20:40] 🔄 下一步: 执行 /utm-injector
[2026-03-18 20:40] ⚠️  未识别的 Phase: 执行 /utm-injector
[2026-03-18 20:40] ⚠️  未识别的 Phase: 执行 /utm-injector
[2026-03-18 20:40] === Dispatch 结束 ===
[2026-03-18 20:40] === Dispatch 结束 ===
[2026-03-18 20:50] === PM Dispatcher 运行 ===
[2026-03-18 20:50] === PM Dispatcher 运行 ===
[2026-03-18 20:50] 🔄 下一步: 执行 /utm-injector
[2026-03-18 20:50] 🔄 下一步: 执行 /utm-injector
[2026-03-18 20:50] ⚠️  未识别的 Phase: 执行 /utm-injector
[2026-03-18 20:50] ⚠️  未识别的 Phase: 执行 /utm-injector
[2026-03-18 20:50] === Dispatch 结束 ===
[2026-03-18 20:50] === Dispatch 结束 ===
[2026-03-18 21:00] === PM Dispatcher 运行 ===
[2026-03-18 21:00] === PM Dispatcher 运行 ===
[2026-03-18 21:00] 🔄 下一步: 执行 /utm-injector
[2026-03-18 21:00] 🔄 下一步: 执行 /utm-injector
[2026-03-18 21:00] ⚠️  未识别的 Phase: 执行 /utm-injector
[2026-03-18 21:00] ⚠️  未识别的 Phase: 执行 /utm-injector
[2026-03-18 21:00] === Dispatch 结束 ===
[2026-03-18 21:00] === Dispatch 结束 ===
[2026-03-18 21:10] === PM Dispatcher 运行 ===
[2026-03-18 21:10] === PM Dispatcher 运行 ===
[2026-03-18 21:10] 🔄 下一步: 执行 /utm-injector
[2026-03-18 21:10] 🔄 下一步: 执行 /utm-injector
[2026-03-18 21:10] ⚠️  未识别的 Phase: 执行 /utm-injector
[2026-03-18 21:10] ⚠️  未识别的 Phase: 执行 /utm-injector
[2026-03-18 21:10] === Dispatch 结束 ===
[2026-03-18 21:10] === Dispatch 结束 ===
[2026-03-18 21:20] === PM Dispatcher 运行 ===
[2026-03-18 21:20] === PM Dispatcher 运行 ===
[2026-03-18 21:20] 🔄 下一步: 执行 /utm-injector
[2026-03-18 21:20] 🔄 下一步: 执行 /utm-injector
[2026-03-18 21:20] ⚠️  未识别的 Phase: 执行 /utm-injector
[2026-03-18 21:20] ⚠️  未识别的 Phase: 执行 /utm-injector
[2026-03-18 21:20] === Dispatch 结束 ===
[2026-03-18 21:20] === Dispatch 结束 ===
[2026-03-18 21:30] === PM Dispatcher 运行 ===
[2026-03-18 21:30] === PM Dispatcher 运行 ===
[2026-03-18 21:30] 🔄 下一步: 执行 /utm-injector
[2026-03-18 21:30] 🔄 下一步: 执行 /utm-injector
[2026-03-18 21:30] ⚠️  未识别的 Phase: 执行 /utm-injector
[2026-03-18 21:30] ⚠️  未识别的 Phase: 执行 /utm-injector
[2026-03-18 21:30] === Dispatch 结束 ===
[2026-03-18 21:30] === Dispatch 结束 ===
[2026-03-18 21:40] === PM Dispatcher 运行 ===
[2026-03-18 21:40] === PM Dispatcher 运行 ===
[2026-03-18 21:40] 🔄 下一步: 执行 /utm-injector
[2026-03-18 21:40] 🔄 下一步: 执行 /utm-injector
[2026-03-18 21:40] ⚠️  未识别的 Phase: 执行 /utm-injector
[2026-03-18 21:40] ⚠️  未识别的 Phase: 执行 /utm-injector
[2026-03-18 21:40] === Dispatch 结束 ===
[2026-03-18 21:40] === Dispatch 结束 ===
[2026-03-18 21:50] === PM Dispatcher 运行 ===
[2026-03-18 21:50] === PM Dispatcher 运行 ===
[2026-03-18 21:50] 🔄 下一步: 执行 /utm-injector
[2026-03-18 21:50] 🔄 下一步: 执行 /utm-injector
[2026-03-18 21:50] ⚠️  未识别的 Phase: 执行 /utm-injector
[2026-03-18 21:50] ⚠️  未识别的 Phase: 执行 /utm-injector
[2026-03-18 21:50] === Dispatch 结束 ===
[2026-03-18 21:50] === Dispatch 结束 ===
[2026-03-18 22:00] === PM Dispatcher 运行 ===
[2026-03-18 22:00] === PM Dispatcher 运行 ===
[2026-03-18 22:00] 🔄 下一步: 执行 /utm-injector
[2026-03-18 22:00] 🔄 下一步: 执行 /utm-injector
[2026-03-18 22:00] ⚠️  未识别的 Phase: 执行 /utm-injector
[2026-03-18 22:00] ⚠️  未识别的 Phase: 执行 /utm-injector
[2026-03-18 22:00] === Dispatch 结束 ===
[2026-03-18 22:00] === Dispatch 结束 ===
[2026-03-18 22:10] === PM Dispatcher 运行 ===
[2026-03-18 22:10] === PM Dispatcher 运行 ===
[2026-03-18 22:10] 🔄 下一步: 执行 /utm-injector
[2026-03-18 22:10] 🔄 下一步: 执行 /utm-injector
[2026-03-18 22:10] ⚠️  未识别的 Phase: 执行 /utm-injector
[2026-03-18 22:10] ⚠️  未识别的 Phase: 执行 /utm-injector
[2026-03-18 22:10] === Dispatch 结束 ===
[2026-03-18 22:10] === Dispatch 结束 ===
[2026-03-18 22:20] === PM Dispatcher 运行 ===
[2026-03-18 22:20] === PM Dispatcher 运行 ===
[2026-03-18 22:20] 🔄 下一步: 执行 /utm-injector
[2026-03-18 22:20] 🔄 下一步: 执行 /utm-injector
[2026-03-18 22:20] ⚠️  未识别的 Phase: 执行 /utm-injector
[2026-03-18 22:20] ⚠️  未识别的 Phase: 执行 /utm-injector
[2026-03-18 22:20] === Dispatch 结束 ===
[2026-03-18 22:20] === Dispatch 结束 ===
[2026-03-18 22:30] === PM Dispatcher 运行 ===
[2026-03-18 22:30] === PM Dispatcher 运行 ===
[2026-03-18 22:30] 🔄 下一步: 执行 /utm-injector
[2026-03-18 22:30] 🔄 下一步: 执行 /utm-injector
[2026-03-18 22:30] ⚠️  未识别的 Phase: 执行 /utm-injector
[2026-03-18 22:30] ⚠️  未识别的 Phase: 执行 /utm-injector
[2026-03-18 22:30] === Dispatch 结束 ===
[2026-03-18 22:30] === Dispatch 结束 ===
[2026-03-18 22:40] === PM Dispatcher 运行 ===
[2026-03-18 22:40] === PM Dispatcher 运行 ===
[2026-03-18 22:40] 🔄 下一步: 执行 /utm-injector
[2026-03-18 22:40] 🔄 下一步: 执行 /utm-injector
[2026-03-18 22:40] ⚠️  未识别的 Phase: 执行 /utm-injector
[2026-03-18 22:40] ⚠️  未识别的 Phase: 执行 /utm-injector
[2026-03-18 22:40] === Dispatch 结束 ===
[2026-03-18 22:40] === Dispatch 结束 ===
[2026-03-18 22:50] === PM Dispatcher 运行 ===
[2026-03-18 22:50] === PM Dispatcher 运行 ===
[2026-03-18 22:50] 🔄 下一步: 执行 /utm-injector
[2026-03-18 22:50] 🔄 下一步: 执行 /utm-injector
[2026-03-18 22:50] ⚠️  未识别的 Phase: 执行 /utm-injector
[2026-03-18 22:50] ⚠️  未识别的 Phase: 执行 /utm-injector
[2026-03-18 22:50] === Dispatch 结束 ===
[2026-03-18 22:50] === Dispatch 结束 ===
[2026-03-18 23:00] === PM Dispatcher 运行 ===
[2026-03-18 23:00] === PM Dispatcher 运行 ===
[2026-03-18 23:00] 🔄 下一步: 执行 /utm-injector
[2026-03-18 23:00] 🔄 下一步: 执行 /utm-injector
[2026-03-18 23:00] ⚠️  未识别的 Phase: 执行 /utm-injector
[2026-03-18 23:00] ⚠️  未识别的 Phase: 执行 /utm-injector
[2026-03-18 23:00] === Dispatch 结束 ===
[2026-03-18 23:00] === Dispatch 结束 ===
[2026-03-18 23:10] === PM Dispatcher 运行 ===
[2026-03-18 23:10] === PM Dispatcher 运行 ===
[2026-03-18 23:10] 🔄 下一步: 执行 /utm-injector
[2026-03-18 23:10] 🔄 下一步: 执行 /utm-injector
[2026-03-18 23:10] ⚠️  未识别的 Phase: 执行 /utm-injector
[2026-03-18 23:10] ⚠️  未识别的 Phase: 执行 /utm-injector
[2026-03-18 23:10] === Dispatch 结束 ===
[2026-03-18 23:10] === Dispatch 结束 ===
[2026-03-18 23:20] === PM Dispatcher 运行 ===
[2026-03-18 23:20] === PM Dispatcher 运行 ===
[2026-03-18 23:20] 🔄 下一步: 执行 /utm-injector
[2026-03-18 23:20] 🔄 下一步: 执行 /utm-injector
[2026-03-18 23:20] ⚠️  未识别的 Phase: 执行 /utm-injector
[2026-03-18 23:20] ⚠️  未识别的 Phase: 执行 /utm-injector
[2026-03-18 23:20] === Dispatch 结束 ===
[2026-03-18 23:20] === Dispatch 结束 ===
[2026-03-18 23:30] === PM Dispatcher 运行 ===
[2026-03-18 23:30] === PM Dispatcher 运行 ===
[2026-03-18 23:30] 🔄 下一步: 执行 /utm-injector
[2026-03-18 23:30] 🔄 下一步: 执行 /utm-injector
[2026-03-18 23:30] ⚠️  未识别的 Phase: 执行 /utm-injector
[2026-03-18 23:30] ⚠️  未识别的 Phase: 执行 /utm-injector
[2026-03-18 23:30] === Dispatch 结束 ===
[2026-03-18 23:30] === Dispatch 结束 ===
[2026-03-18 23:40] === PM Dispatcher 运行 ===
[2026-03-18 23:40] === PM Dispatcher 运行 ===
[2026-03-18 23:40] 🔄 下一步: 执行 /utm-injector
[2026-03-18 23:40] 🔄 下一步: 执行 /utm-injector
[2026-03-18 23:40] ⚠️  未识别的 Phase: 执行 /utm-injector
[2026-03-18 23:40] ⚠️  未识别的 Phase: 执行 /utm-injector
[2026-03-18 23:40] === Dispatch 结束 ===
[2026-03-18 23:40] === Dispatch 结束 ===
[2026-03-18 23:50] === PM Dispatcher 运行 ===
[2026-03-18 23:50] === PM Dispatcher 运行 ===
[2026-03-18 23:50] 🔄 下一步: 执行 /utm-injector
[2026-03-18 23:50] 🔄 下一步: 执行 /utm-injector
[2026-03-18 23:50] ⚠️  未识别的 Phase: 执行 /utm-injector
[2026-03-18 23:50] ⚠️  未识别的 Phase: 执行 /utm-injector
[2026-03-18 23:50] === Dispatch 结束 ===
[2026-03-18 23:50] === Dispatch 结束 ===
[2026-03-19 00:00] === PM Dispatcher 运行 ===
[2026-03-19 00:00] === PM Dispatcher 运行 ===
[2026-03-19 00:00] 🔄 下一步: 执行 /utm-injector
[2026-03-19 00:00] 🔄 下一步: 执行 /utm-injector
[2026-03-19 00:00] ⚠️  未识别的 Phase: 执行 /utm-injector
[2026-03-19 00:00] ⚠️  未识别的 Phase: 执行 /utm-injector
[2026-03-19 00:00] === Dispatch 结束 ===
[2026-03-19 00:00] === Dispatch 结束 ===
[2026-03-19 00:10] === PM Dispatcher 运行 ===
[2026-03-19 00:10] === PM Dispatcher 运行 ===
[2026-03-19 00:10] 🔄 下一步: 执行 /utm-injector
[2026-03-19 00:10] 🔄 下一步: 执行 /utm-injector
[2026-03-19 00:10] ⚠️  未识别的 Phase: 执行 /utm-injector
[2026-03-19 00:10] ⚠️  未识别的 Phase: 执行 /utm-injector
[2026-03-19 00:10] === Dispatch 结束 ===
[2026-03-19 00:10] === Dispatch 结束 ===
[2026-03-19 00:20] === PM Dispatcher 运行 ===
[2026-03-19 00:20] === PM Dispatcher 运行 ===
[2026-03-19 00:20] 🔄 下一步: 执行 /utm-injector
[2026-03-19 00:20] 🔄 下一步: 执行 /utm-injector
[2026-03-19 00:20] ⚠️  未识别的 Phase: 执行 /utm-injector
[2026-03-19 00:20] ⚠️  未识别的 Phase: 执行 /utm-injector
[2026-03-19 00:20] === Dispatch 结束 ===
[2026-03-19 00:20] === Dispatch 结束 ===
[2026-03-19 00:30] === PM Dispatcher 运行 ===
[2026-03-19 00:30] === PM Dispatcher 运行 ===
[2026-03-19 00:30] 🔄 下一步: 执行 /utm-injector
[2026-03-19 00:30] 🔄 下一步: 执行 /utm-injector
[2026-03-19 00:30] ⚠️  未识别的 Phase: 执行 /utm-injector
[2026-03-19 00:30] ⚠️  未识别的 Phase: 执行 /utm-injector
[2026-03-19 00:30] === Dispatch 结束 ===
[2026-03-19 00:30] === Dispatch 结束 ===
[2026-03-19 00:40] === PM Dispatcher 运行 ===
[2026-03-19 00:40] === PM Dispatcher 运行 ===
[2026-03-19 00:40] 🔄 下一步: 执行 /utm-injector
[2026-03-19 00:40] 🔄 下一步: 执行 /utm-injector
[2026-03-19 00:40] ⚠️  未识别的 Phase: 执行 /utm-injector
[2026-03-19 00:40] ⚠️  未识别的 Phase: 执行 /utm-injector
[2026-03-19 00:40] === Dispatch 结束 ===
[2026-03-19 00:40] === Dispatch 结束 ===
[2026-03-19 00:50] === PM Dispatcher 运行 ===
[2026-03-19 00:50] === PM Dispatcher 运行 ===
[2026-03-19 00:50] 🔄 下一步: 执行 /utm-injector
[2026-03-19 00:50] 🔄 下一步: 执行 /utm-injector
[2026-03-19 00:50] ⚠️  未识别的 Phase: 执行 /utm-injector
[2026-03-19 00:50] ⚠️  未识别的 Phase: 执行 /utm-injector
[2026-03-19 00:50] === Dispatch 结束 ===
[2026-03-19 00:50] === Dispatch 结束 ===
[2026-03-19 01:00] === PM Dispatcher 运行 ===
[2026-03-19 01:00] === PM Dispatcher 运行 ===
[2026-03-19 01:00] 🔄 下一步: 执行 /utm-injector
[2026-03-19 01:00] 🔄 下一步: 执行 /utm-injector
[2026-03-19 01:00] ⚠️  未识别的 Phase: 执行 /utm-injector
[2026-03-19 01:00] ⚠️  未识别的 Phase: 执行 /utm-injector
[2026-03-19 01:00] === Dispatch 结束 ===
[2026-03-19 01:00] === Dispatch 结束 ===
[2026-03-19 01:10] === PM Dispatcher 运行 ===
[2026-03-19 01:10] === PM Dispatcher 运行 ===
[2026-03-19 01:10] 🔄 下一步: 执行 /utm-injector
[2026-03-19 01:10] 🔄 下一步: 执行 /utm-injector
[2026-03-19 01:10] ⚠️  未识别的 Phase: 执行 /utm-injector
[2026-03-19 01:10] ⚠️  未识别的 Phase: 执行 /utm-injector
[2026-03-19 01:10] === Dispatch 结束 ===
[2026-03-19 01:10] === Dispatch 结束 ===
[2026-03-19 01:20] === PM Dispatcher 运行 ===
[2026-03-19 01:20] === PM Dispatcher 运行 ===
[2026-03-19 01:20] 🔄 下一步: 执行 /utm-injector
[2026-03-19 01:20] 🔄 下一步: 执行 /utm-injector
[2026-03-19 01:20] ⚠️  未识别的 Phase: 执行 /utm-injector
[2026-03-19 01:20] ⚠️  未识别的 Phase: 执行 /utm-injector
[2026-03-19 01:20] === Dispatch 结束 ===
[2026-03-19 01:20] === Dispatch 结束 ===
[2026-03-19 01:30] === PM Dispatcher 运行 ===
[2026-03-19 01:30] === PM Dispatcher 运行 ===
[2026-03-19 01:30] 🔄 下一步: 执行 /utm-injector
[2026-03-19 01:30] 🔄 下一步: 执行 /utm-injector
[2026-03-19 01:30] ⚠️  未识别的 Phase: 执行 /utm-injector
[2026-03-19 01:30] ⚠️  未识别的 Phase: 执行 /utm-injector
[2026-03-19 01:30] === Dispatch 结束 ===
[2026-03-19 01:30] === Dispatch 结束 ===
[2026-03-19 01:40] === PM Dispatcher 运行 ===
[2026-03-19 01:40] === PM Dispatcher 运行 ===
[2026-03-19 01:40] 🔄 下一步: 执行 /utm-injector
[2026-03-19 01:40] 🔄 下一步: 执行 /utm-injector
[2026-03-19 01:40] ⚠️  未识别的 Phase: 执行 /utm-injector
[2026-03-19 01:40] ⚠️  未识别的 Phase: 执行 /utm-injector
[2026-03-19 01:40] === Dispatch 结束 ===
[2026-03-19 01:40] === Dispatch 结束 ===
[2026-03-19 01:50] === PM Dispatcher 运行 ===
[2026-03-19 01:50] === PM Dispatcher 运行 ===
[2026-03-19 01:50] 🔄 下一步: 执行 /utm-injector
[2026-03-19 01:50] 🔄 下一步: 执行 /utm-injector
[2026-03-19 01:50] ⚠️  未识别的 Phase: 执行 /utm-injector
[2026-03-19 01:50] ⚠️  未识别的 Phase: 执行 /utm-injector
[2026-03-19 01:50] === Dispatch 结束 ===
[2026-03-19 01:50] === Dispatch 结束 ===
[2026-03-19 02:00] === PM Dispatcher 运行 ===
[2026-03-19 02:00] === PM Dispatcher 运行 ===
[2026-03-19 02:00] 🔄 下一步: 执行 /utm-injector
[2026-03-19 02:00] 🔄 下一步: 执行 /utm-injector
[2026-03-19 02:00] ⚠️  未识别的 Phase: 执行 /utm-injector
[2026-03-19 02:00] ⚠️  未识别的 Phase: 执行 /utm-injector
[2026-03-19 02:00] === Dispatch 结束 ===
[2026-03-19 02:00] === Dispatch 结束 ===
[2026-03-19 02:10] === PM Dispatcher 运行 ===
[2026-03-19 02:10] === PM Dispatcher 运行 ===
[2026-03-19 02:10] 🔄 下一步: 执行 /utm-injector
[2026-03-19 02:10] 🔄 下一步: 执行 /utm-injector
[2026-03-19 02:10] ⚠️  未识别的 Phase: 执行 /utm-injector
[2026-03-19 02:10] ⚠️  未识别的 Phase: 执行 /utm-injector
[2026-03-19 02:10] === Dispatch 结束 ===
[2026-03-19 02:10] === Dispatch 结束 ===
[2026-03-19 02:20] === PM Dispatcher 运行 ===
[2026-03-19 02:20] === PM Dispatcher 运行 ===
[2026-03-19 02:20] 🔄 下一步: 执行 /utm-injector
[2026-03-19 02:20] 🔄 下一步: 执行 /utm-injector
[2026-03-19 02:20] ⚠️  未识别的 Phase: 执行 /utm-injector
[2026-03-19 02:20] ⚠️  未识别的 Phase: 执行 /utm-injector
[2026-03-19 02:20] === Dispatch 结束 ===
[2026-03-19 02:20] === Dispatch 结束 ===
[2026-03-19 02:30] === PM Dispatcher 运行 ===
[2026-03-19 02:30] === PM Dispatcher 运行 ===
[2026-03-19 02:30] 🔄 下一步: 执行 /utm-injector
[2026-03-19 02:30] 🔄 下一步: 执行 /utm-injector
[2026-03-19 02:30] ⚠️  未识别的 Phase: 执行 /utm-injector
[2026-03-19 02:30] ⚠️  未识别的 Phase: 执行 /utm-injector
[2026-03-19 02:30] === Dispatch 结束 ===
[2026-03-19 02:30] === Dispatch 结束 ===
[2026-03-19 02:40] === PM Dispatcher 运行 ===
[2026-03-19 02:40] === PM Dispatcher 运行 ===
[2026-03-19 02:40] 🔄 下一步: 执行 /utm-injector
[2026-03-19 02:40] 🔄 下一步: 执行 /utm-injector
[2026-03-19 02:40] ⚠️  未识别的 Phase: 执行 /utm-injector
[2026-03-19 02:40] ⚠️  未识别的 Phase: 执行 /utm-injector
[2026-03-19 02:40] === Dispatch 结束 ===
[2026-03-19 02:40] === Dispatch 结束 ===
[2026-03-19 02:50] === PM Dispatcher 运行 ===
[2026-03-19 02:50] === PM Dispatcher 运行 ===
[2026-03-19 02:50] 🔄 下一步: 执行 /utm-injector
[2026-03-19 02:50] 🔄 下一步: 执行 /utm-injector
[2026-03-19 02:50] ⚠️  未识别的 Phase: 执行 /utm-injector
[2026-03-19 02:50] ⚠️  未识别的 Phase: 执行 /utm-injector
[2026-03-19 02:50] === Dispatch 结束 ===
[2026-03-19 02:50] === Dispatch 结束 ===
[2026-03-19 03:00] === PM Dispatcher 运行 ===
[2026-03-19 03:00] === PM Dispatcher 运行 ===
[2026-03-19 03:00] 🔄 下一步: 执行 /utm-injector
[2026-03-19 03:00] 🔄 下一步: 执行 /utm-injector
[2026-03-19 03:00] ⚠️  未识别的 Phase: 执行 /utm-injector
[2026-03-19 03:00] ⚠️  未识别的 Phase: 执行 /utm-injector
[2026-03-19 03:00] === Dispatch 结束 ===
[2026-03-19 03:00] === Dispatch 结束 ===
[2026-03-19 03:10] === PM Dispatcher 运行 ===
[2026-03-19 03:10] === PM Dispatcher 运行 ===
[2026-03-19 03:10] 🔄 下一步: 执行 /utm-injector
[2026-03-19 03:10] 🔄 下一步: 执行 /utm-injector
[2026-03-19 03:10] ⚠️  未识别的 Phase: 执行 /utm-injector
[2026-03-19 03:10] ⚠️  未识别的 Phase: 执行 /utm-injector
[2026-03-19 03:10] === Dispatch 结束 ===
[2026-03-19 03:10] === Dispatch 结束 ===
[2026-03-19 03:20] === PM Dispatcher 运行 ===
[2026-03-19 03:20] === PM Dispatcher 运行 ===
[2026-03-19 03:20] 🔄 下一步: 执行 /utm-injector
[2026-03-19 03:20] 🔄 下一步: 执行 /utm-injector
[2026-03-19 03:20] ⚠️  未识别的 Phase: 执行 /utm-injector
[2026-03-19 03:20] ⚠️  未识别的 Phase: 执行 /utm-injector
[2026-03-19 03:20] === Dispatch 结束 ===
[2026-03-19 03:20] === Dispatch 结束 ===
[2026-03-19 03:30] === PM Dispatcher 运行 ===
[2026-03-19 03:30] === PM Dispatcher 运行 ===
[2026-03-19 03:30] 🔄 下一步: 执行 /utm-injector
[2026-03-19 03:30] 🔄 下一步: 执行 /utm-injector
[2026-03-19 03:30] ⚠️  未识别的 Phase: 执行 /utm-injector
[2026-03-19 03:30] ⚠️  未识别的 Phase: 执行 /utm-injector
[2026-03-19 03:30] === Dispatch 结束 ===
[2026-03-19 03:30] === Dispatch 结束 ===
[2026-03-19 03:40] === PM Dispatcher 运行 ===
[2026-03-19 03:40] === PM Dispatcher 运行 ===
[2026-03-19 03:40] 🔄 下一步: 执行 /utm-injector
[2026-03-19 03:40] 🔄 下一步: 执行 /utm-injector
[2026-03-19 03:40] ⚠️  未识别的 Phase: 执行 /utm-injector
[2026-03-19 03:40] ⚠️  未识别的 Phase: 执行 /utm-injector
[2026-03-19 03:40] === Dispatch 结束 ===
[2026-03-19 03:40] === Dispatch 结束 ===
[2026-03-19 03:50] === PM Dispatcher 运行 ===
[2026-03-19 03:50] === PM Dispatcher 运行 ===
[2026-03-19 03:50] 🔄 下一步: 执行 /utm-injector
[2026-03-19 03:50] 🔄 下一步: 执行 /utm-injector
[2026-03-19 03:50] ⚠️  未识别的 Phase: 执行 /utm-injector
[2026-03-19 03:50] ⚠️  未识别的 Phase: 执行 /utm-injector
[2026-03-19 03:50] === Dispatch 结束 ===
[2026-03-19 03:50] === Dispatch 结束 ===
[2026-03-19 04:00] === PM Dispatcher 运行 ===
[2026-03-19 04:00] === PM Dispatcher 运行 ===
[2026-03-19 04:00] 🔄 下一步: 执行 /utm-injector
[2026-03-19 04:00] 🔄 下一步: 执行 /utm-injector
[2026-03-19 04:00] ⚠️  未识别的 Phase: 执行 /utm-injector
[2026-03-19 04:00] ⚠️  未识别的 Phase: 执行 /utm-injector
[2026-03-19 04:00] === Dispatch 结束 ===
[2026-03-19 04:00] === Dispatch 结束 ===
[2026-03-19 04:10] === PM Dispatcher 运行 ===
[2026-03-19 04:10] === PM Dispatcher 运行 ===
[2026-03-19 04:10] 🔄 下一步: 执行 /utm-injector
[2026-03-19 04:10] 🔄 下一步: 执行 /utm-injector
[2026-03-19 04:10] ⚠️  未识别的 Phase: 执行 /utm-injector
[2026-03-19 04:10] ⚠️  未识别的 Phase: 执行 /utm-injector
[2026-03-19 04:10] === Dispatch 结束 ===
[2026-03-19 04:10] === Dispatch 结束 ===
[2026-03-19 04:20] === PM Dispatcher 运行 ===
[2026-03-19 04:20] === PM Dispatcher 运行 ===
[2026-03-19 04:20] 🔄 下一步: 执行 /utm-injector
[2026-03-19 04:20] 🔄 下一步: 执行 /utm-injector
[2026-03-19 04:20] ⚠️  未识别的 Phase: 执行 /utm-injector
[2026-03-19 04:20] ⚠️  未识别的 Phase: 执行 /utm-injector
[2026-03-19 04:20] === Dispatch 结束 ===
[2026-03-19 04:20] === Dispatch 结束 ===
[2026-03-19 04:30] === PM Dispatcher 运行 ===
[2026-03-19 04:30] === PM Dispatcher 运行 ===
[2026-03-19 04:30] 🔄 下一步: 执行 /utm-injector
[2026-03-19 04:30] 🔄 下一步: 执行 /utm-injector
[2026-03-19 04:30] ⚠️  未识别的 Phase: 执行 /utm-injector
[2026-03-19 04:30] ⚠️  未识别的 Phase: 执行 /utm-injector
[2026-03-19 04:30] === Dispatch 结束 ===
[2026-03-19 04:30] === Dispatch 结束 ===
[2026-03-19 04:40] === PM Dispatcher 运行 ===
[2026-03-19 04:40] === PM Dispatcher 运行 ===
[2026-03-19 04:40] 🔄 下一步: 执行 /utm-injector
[2026-03-19 04:40] 🔄 下一步: 执行 /utm-injector
[2026-03-19 04:40] ⚠️  未识别的 Phase: 执行 /utm-injector
[2026-03-19 04:40] ⚠️  未识别的 Phase: 执行 /utm-injector
[2026-03-19 04:40] === Dispatch 结束 ===
[2026-03-19 04:40] === Dispatch 结束 ===
[2026-03-19 04:50] === PM Dispatcher 运行 ===
[2026-03-19 04:50] === PM Dispatcher 运行 ===
[2026-03-19 04:50] 🔄 下一步: 执行 /utm-injector
[2026-03-19 04:50] 🔄 下一步: 执行 /utm-injector
[2026-03-19 04:50] ⚠️  未识别的 Phase: 执行 /utm-injector
[2026-03-19 04:50] ⚠️  未识别的 Phase: 执行 /utm-injector
[2026-03-19 04:50] === Dispatch 结束 ===
[2026-03-19 04:50] === Dispatch 结束 ===
[2026-03-19 05:00] === PM Dispatcher 运行 ===
[2026-03-19 05:00] === PM Dispatcher 运行 ===
[2026-03-19 05:00] 🔄 下一步: 执行 /utm-injector
[2026-03-19 05:00] 🔄 下一步: 执行 /utm-injector
[2026-03-19 05:00] ⚠️  未识别的 Phase: 执行 /utm-injector
[2026-03-19 05:00] ⚠️  未识别的 Phase: 执行 /utm-injector
[2026-03-19 05:00] === Dispatch 结束 ===
[2026-03-19 05:00] === Dispatch 结束 ===
[2026-03-19 05:10] === PM Dispatcher 运行 ===
[2026-03-19 05:10] === PM Dispatcher 运行 ===
[2026-03-19 05:10] 🔄 下一步: 执行 /utm-injector
[2026-03-19 05:10] 🔄 下一步: 执行 /utm-injector
[2026-03-19 05:10] ⚠️  未识别的 Phase: 执行 /utm-injector
[2026-03-19 05:10] ⚠️  未识别的 Phase: 执行 /utm-injector
[2026-03-19 05:10] === Dispatch 结束 ===
[2026-03-19 05:10] === Dispatch 结束 ===
[2026-03-19 05:20] === PM Dispatcher 运行 ===
[2026-03-19 05:20] === PM Dispatcher 运行 ===
[2026-03-19 05:20] 🔄 下一步: 执行 /utm-injector
[2026-03-19 05:20] 🔄 下一步: 执行 /utm-injector
[2026-03-19 05:20] ⚠️  未识别的 Phase: 执行 /utm-injector
[2026-03-19 05:20] ⚠️  未识别的 Phase: 执行 /utm-injector
[2026-03-19 05:20] === Dispatch 结束 ===
[2026-03-19 05:20] === Dispatch 结束 ===
[2026-03-19 05:30] === PM Dispatcher 运行 ===
[2026-03-19 05:30] === PM Dispatcher 运行 ===
[2026-03-19 05:30] 🔄 下一步: 执行 /utm-injector
[2026-03-19 05:30] 🔄 下一步: 执行 /utm-injector
[2026-03-19 05:30] ⚠️  未识别的 Phase: 执行 /utm-injector
[2026-03-19 05:30] ⚠️  未识别的 Phase: 执行 /utm-injector
[2026-03-19 05:30] === Dispatch 结束 ===
[2026-03-19 05:30] === Dispatch 结束 ===
[2026-03-19 05:40] === PM Dispatcher 运行 ===
[2026-03-19 05:40] === PM Dispatcher 运行 ===
[2026-03-19 05:40] 🔄 下一步: 执行 /utm-injector
[2026-03-19 05:40] 🔄 下一步: 执行 /utm-injector
[2026-03-19 05:40] ⚠️  未识别的 Phase: 执行 /utm-injector
[2026-03-19 05:40] ⚠️  未识别的 Phase: 执行 /utm-injector
[2026-03-19 05:40] === Dispatch 结束 ===
[2026-03-19 05:40] === Dispatch 结束 ===
[2026-03-19 05:50] === PM Dispatcher 运行 ===
[2026-03-19 05:50] === PM Dispatcher 运行 ===
[2026-03-19 05:50] 🔄 下一步: 执行 /utm-injector
[2026-03-19 05:50] 🔄 下一步: 执行 /utm-injector
[2026-03-19 05:50] ⚠️  未识别的 Phase: 执行 /utm-injector
[2026-03-19 05:50] ⚠️  未识别的 Phase: 执行 /utm-injector
[2026-03-19 05:50] === Dispatch 结束 ===
[2026-03-19 05:50] === Dispatch 结束 ===
[2026-03-19 06:00] === PM Dispatcher 运行 ===
[2026-03-19 06:00] === PM Dispatcher 运行 ===
[2026-03-19 06:00] 🔄 下一步: 执行 /utm-injector
[2026-03-19 06:00] 🔄 下一步: 执行 /utm-injector
[2026-03-19 06:00] ⚠️  未识别的 Phase: 执行 /utm-injector
[2026-03-19 06:00] ⚠️  未识别的 Phase: 执行 /utm-injector
[2026-03-19 06:00] === Dispatch 结束 ===
[2026-03-19 06:00] === Dispatch 结束 ===
[2026-03-19 06:10] === PM Dispatcher 运行 ===
[2026-03-19 06:10] === PM Dispatcher 运行 ===
[2026-03-19 06:10] 🔄 下一步: 执行 /utm-injector
[2026-03-19 06:10] 🔄 下一步: 执行 /utm-injector
[2026-03-19 06:10] ⚠️  未识别的 Phase: 执行 /utm-injector
[2026-03-19 06:10] ⚠️  未识别的 Phase: 执行 /utm-injector
[2026-03-19 06:10] === Dispatch 结束 ===
[2026-03-19 06:10] === Dispatch 结束 ===
[2026-03-19 06:20] === PM Dispatcher 运行 ===
[2026-03-19 06:20] === PM Dispatcher 运行 ===
[2026-03-19 06:20] 🔄 下一步: 执行 /utm-injector
[2026-03-19 06:20] 🔄 下一步: 执行 /utm-injector
[2026-03-19 06:20] ⚠️  未识别的 Phase: 执行 /utm-injector
[2026-03-19 06:20] ⚠️  未识别的 Phase: 执行 /utm-injector
[2026-03-19 06:20] === Dispatch 结束 ===
[2026-03-19 06:20] === Dispatch 结束 ===
[2026-03-19 06:30] === PM Dispatcher 运行 ===
[2026-03-19 06:30] === PM Dispatcher 运行 ===
[2026-03-19 06:30] 🔄 下一步: 执行 /utm-injector
[2026-03-19 06:30] 🔄 下一步: 执行 /utm-injector
[2026-03-19 06:30] ⚠️  未识别的 Phase: 执行 /utm-injector
[2026-03-19 06:30] ⚠️  未识别的 Phase: 执行 /utm-injector
[2026-03-19 06:30] === Dispatch 结束 ===
[2026-03-19 06:30] === Dispatch 结束 ===
[2026-03-19 06:40] === PM Dispatcher 运行 ===
[2026-03-19 06:40] === PM Dispatcher 运行 ===
[2026-03-19 06:40] 🔄 下一步: 执行 /utm-injector
[2026-03-19 06:40] 🔄 下一步: 执行 /utm-injector
[2026-03-19 06:40] ⚠️  未识别的 Phase: 执行 /utm-injector
[2026-03-19 06:40] ⚠️  未识别的 Phase: 执行 /utm-injector
[2026-03-19 06:40] === Dispatch 结束 ===
[2026-03-19 06:40] === Dispatch 结束 ===
[2026-03-19 06:50] === PM Dispatcher 运行 ===
[2026-03-19 06:50] === PM Dispatcher 运行 ===
[2026-03-19 06:50] 🔄 下一步: 执行 /utm-injector
[2026-03-19 06:50] 🔄 下一步: 执行 /utm-injector
[2026-03-19 06:50] ⚠️  未识别的 Phase: 执行 /utm-injector
[2026-03-19 06:50] ⚠️  未识别的 Phase: 执行 /utm-injector
[2026-03-19 06:50] === Dispatch 结束 ===
[2026-03-19 06:50] === Dispatch 结束 ===
